<?xml version="1.0" encoding="UTF-8"?>
<testsuite name="com.Generic.FindMaximumValue" tests="1" skipped="0" failures="0" errors="0" timestamp="2021-04-25T12:33:01" hostname="DESKTOP-45808RR" time="0.003">
  <properties/>
  <testcase name="givenThreeFloats_WhenFirstPositionIsMax_ShouldReturnSameNumber" classname="com.Generic.FindMaximumValue" time="0.003"/>
  <system-out><![CDATA[]]></system-out>
  <system-err><![CDATA[]]></system-err>
</testsuite>
