<?xml version="1.0" encoding="UTF-8"?>
<testsuite name="com.Generic.FindMaximumValue" tests="1" skipped="0" failures="0" errors="0" timestamp="2021-04-25T06:10:20" hostname="DESKTOP-45808RR" time="0.004">
  <properties/>
  <testcase name="givenThreeIntegers_WhenThirdPositionIsMax_ShouldReturnSameNumber" classname="com.Generic.FindMaximumValue" time="0.004"/>
  <system-out><![CDATA[]]></system-out>
  <system-err><![CDATA[]]></system-err>
</testsuite>
